<?xml version="1.0" encoding="UTF-8"?>
<coverage generated="1583129213103" clover="3.2.0">
  <project timestamp="1583129213104" name="All files">
    <metrics statements="20" coveredstatements="20" conditionals="10" coveredconditionals="3" methods="4" coveredmethods="4" elements="34" coveredelements="27" complexity="0" loc="20" ncloc="20" packages="3" files="4" classes="4"/>
    <package name="App">
      <metrics statements="2" coveredstatements="2" conditionals="0" coveredconditionals="0" methods="0" coveredmethods="0"/>
      <file name="index.svelte" path="/Users/dmitrijromasov/projects/ticket_store/Services/Farewell/svelte/src/App/index.svelte">
        <metrics statements="2" coveredstatements="2" conditionals="0" coveredconditionals="0" methods="0" coveredmethods="0"/>
        <line num="2" count="1" type="stmt"/>
        <line num="3" count="1" type="stmt"/>
      </file>
    </package>
    <package name="Components.FetchExample">
      <metrics statements="7" coveredstatements="7" conditionals="6" coveredconditionals="0" methods="0" coveredmethods="0"/>
      <file name="index.svelte" path="/Users/dmitrijromasov/projects/ticket_store/Services/Farewell/svelte/src/Components/FetchExample/index.svelte">
        <metrics statements="7" coveredstatements="7" conditionals="6" coveredconditionals="0" methods="0" coveredmethods="0"/>
        <line num="2" count="1" type="stmt"/>
        <line num="3" count="1" type="stmt"/>
        <line num="5" count="1" type="stmt"/>
        <line num="8" count="1" type="stmt"/>
        <line num="9" count="1" type="stmt"/>
        <line num="17" count="2" type="stmt"/>
        <line num="19" count="2" type="cond" truecount="0" falsecount="6"/>
      </file>
    </package>
    <package name="Services">
      <metrics statements="11" coveredstatements="11" conditionals="4" coveredconditionals="3" methods="4" coveredmethods="4"/>
      <file name="Http.js" path="/Users/dmitrijromasov/projects/ticket_store/Services/Farewell/svelte/src/Services/Http.js">
        <metrics statements="11" coveredstatements="11" conditionals="4" coveredconditionals="3" methods="4" coveredmethods="4"/>
        <line num="2" count="2" type="stmt"/>
        <line num="3" count="2" type="stmt"/>
        <line num="8" count="2" type="stmt"/>
        <line num="10" count="2" type="stmt"/>
        <line num="12" count="4" type="stmt"/>
        <line num="13" count="4" type="cond" truecount="1" falsecount="1"/>
        <line num="14" count="4" type="stmt"/>
        <line num="24" count="3" type="cond" truecount="2" falsecount="0"/>
        <line num="25" count="2" type="stmt"/>
        <line num="27" count="1" type="stmt"/>
        <line num="31" count="1" type="stmt"/>
      </file>
      <file name="index.js" path="/Users/dmitrijromasov/projects/ticket_store/Services/Farewell/svelte/src/Services/index.js">
        <metrics statements="0" coveredstatements="0" conditionals="0" coveredconditionals="0" methods="0" coveredmethods="0"/>
      </file>
    </package>
  </project>
</coverage>
