{"/Users/dmitrijromasov/projects/ticket_store/Services/Farewell/svelte/src/App/index.svelte": {"path":"/Users/dmitrijromasov/projects/ticket_store/Services/Farewell/svelte/src/App/index.svelte","statementMap":{"0":{"start":{"line":2,"column":17},"end":{"line":2,"column":null}},"1":{"start":{"line":3,"column":19},"end":{"line":3,"column":null}}},"fnMap":{},"branchMap":{},"s":{"0":1,"1":1},"f":{},"b":{}}
,"/Users/dmitrijromasov/projects/ticket_store/Services/Farewell/svelte/src/Components/FetchExample/index.svelte": {"path":"/Users/dmitrijromasov/projects/ticket_store/Services/Farewell/svelte/src/Components/FetchExample/index.svelte","statementMap":{"0":{"start":{"line":2,"column":20},"end":{"line":2,"column":null}},"1":{"start":{"line":3,"column":17},"end":{"line":3,"column":null}},"2":{"start":{"line":19,"column":36},"end":{"line":19,"column":null}},"3":{"start":{"line":19,"column":25},"end":{"line":19,"column":36}},"4":{"start":{"line":19,"column":46},"end":{"line":19,"column":null}},"5":{"start":{"line":17,"column":15},"end":{"line":17,"column":null}},"6":{"start":{"line":17,"column":10},"end":{"line":17,"column":14}},"7":{"start":{"line":17,"column":10},"end":{"line":17,"column":15}},"8":{"start":{"line":5,"column":12},"end":{"line":5,"column":null}},"9":{"start":{"line":8,"column":22},"end":{"line":8,"column":null}},"10":{"start":{"line":9,"column":8},"end":{"line":9,"column":null}}},"fnMap":{},"branchMap":{"0":{"loc":{"start":{"line":19,"column":36},"end":{"line":19,"column":null}},"type":"if","locations":[{"start":{"line":19,"column":36},"end":{"line":19,"column":null}},{"start":{"line":19,"column":36},"end":{"line":19,"column":null}}]},"1":{"loc":{"start":{"line":19,"column":36},"end":{"line":19,"column":40}},"type":"binary-expr","locations":[{"start":{"line":19,"column":36},"end":{"line":19,"column":40}},{"start":{"line":19,"column":36},"end":{"line":19,"column":null}}]},"2":{"loc":{"start":{"line":19,"column":25},"end":{"line":19,"column":29}},"type":"binary-expr","locations":[{"start":{"line":19,"column":25},"end":{"line":19,"column":29}},{"start":{"line":19,"column":25},"end":{"line":19,"column":36}}]}},"s":{"0":1,"1":1,"2":2,"3":2,"4":0,"5":2,"6":1,"7":1,"8":1,"9":1,"10":1},"f":{},"b":{"0":[0,0],"1":[0,0],"2":[0,0]}}
,"/Users/dmitrijromasov/projects/ticket_store/Services/Farewell/svelte/src/Services/Http.js": {"path":"/Users/dmitrijromasov/projects/ticket_store/Services/Farewell/svelte/src/Services/Http.js","statementMap":{"0":{"start":{"line":2,"column":0},"end":{"line":2,"column":34}},"1":{"start":{"line":3,"column":0},"end":{"line":3,"column":28}},"2":{"start":{"line":8,"column":16},"end":{"line":8,"column":44}},"3":{"start":{"line":10,"column":20},"end":{"line":35,"column":1}},"4":{"start":{"line":12,"column":8},"end":{"line":33,"column":11}},"5":{"start":{"line":13,"column":26},"end":{"line":13,"column":63}},"6":{"start":{"line":14,"column":12},"end":{"line":32,"column":19}},"7":{"start":{"line":24,"column":20},"end":{"line":28,"column":21}},"8":{"start":{"line":25,"column":24},"end":{"line":25,"column":61}},"9":{"start":{"line":27,"column":24},"end":{"line":27,"column":48}},"10":{"start":{"line":31,"column":20},"end":{"line":31,"column":30}}},"fnMap":{"0":{"name":"(anonymous_0)","decl":{"start":{"line":11,"column":13},"end":{"line":11,"column":14}},"loc":{"start":{"line":11,"column":57},"end":{"line":34,"column":5}},"line":11},"1":{"name":"(anonymous_1)","decl":{"start":{"line":12,"column":27},"end":{"line":12,"column":28}},"loc":{"start":{"line":12,"column":48},"end":{"line":33,"column":9}},"line":12},"2":{"name":"(anonymous_2)","decl":{"start":{"line":23,"column":22},"end":{"line":23,"column":23}},"loc":{"start":{"line":23,"column":40},"end":{"line":29,"column":17}},"line":23},"3":{"name":"(anonymous_3)","decl":{"start":{"line":30,"column":23},"end":{"line":30,"column":24}},"loc":{"start":{"line":30,"column":28},"end":{"line":32,"column":17}},"line":30}},"branchMap":{"0":{"loc":{"start":{"line":13,"column":26},"end":{"line":13,"column":63}},"type":"cond-expr","locations":[{"start":{"line":13,"column":35},"end":{"line":13,"column":58}},{"start":{"line":13,"column":61},"end":{"line":13,"column":63}}],"line":13},"1":{"loc":{"start":{"line":24,"column":20},"end":{"line":28,"column":21}},"type":"if","locations":[{"start":{"line":24,"column":20},"end":{"line":28,"column":21}},{"start":{"line":24,"column":20},"end":{"line":28,"column":21}}],"line":24}},"s":{"0":2,"1":2,"2":2,"3":2,"4":4,"5":4,"6":4,"7":3,"8":2,"9":1,"10":1},"f":{"0":4,"1":4,"2":3,"3":1},"b":{"0":[0,4],"1":[2,1]},"_coverageSchema":"43e27e138ebf9cfc5966b082cf9a028302ed4184","hash":"bb5ef9217cfb0327d648686acbeb34444b7130c8"}
,"/Users/dmitrijromasov/projects/ticket_store/Services/Farewell/svelte/src/Services/index.js": {"path":"/Users/dmitrijromasov/projects/ticket_store/Services/Farewell/svelte/src/Services/index.js","statementMap":{},"fnMap":{},"branchMap":{},"s":{},"f":{},"b":{},"_coverageSchema":"43e27e138ebf9cfc5966b082cf9a028302ed4184","hash":"80ceb91da8598f02c5b9365d4bb1437bc9a088fd"}
}
