TN:
SF:/Users/dmitrijromasov/projects/ticket_store/Services/Farewell/svelte/src/App/index.svelte
FNF:0
FNH:0
DA:2,1
DA:3,1
LF:2
LH:2
BRF:0
BRH:0
end_of_record
TN:
SF:/Users/dmitrijromasov/projects/ticket_store/Services/Farewell/svelte/src/Components/FetchExample/index.svelte
FNF:0
FNH:0
DA:2,1
DA:3,1
DA:5,1
DA:8,1
DA:9,1
DA:17,2
DA:19,2
LF:7
LH:7
BRDA:19,0,0,0
BRDA:19,0,1,0
BRDA:19,1,0,0
BRDA:19,1,1,0
BRDA:19,2,0,0
BRDA:19,2,1,0
BRF:6
BRH:0
end_of_record
TN:
SF:/Users/dmitrijromasov/projects/ticket_store/Services/Farewell/svelte/src/Services/Http.js
FN:11,(anonymous_0)
FN:12,(anonymous_1)
FN:23,(anonymous_2)
FN:30,(anonymous_3)
FNF:4
FNH:4
FNDA:4,(anonymous_0)
FNDA:4,(anonymous_1)
FNDA:3,(anonymous_2)
FNDA:1,(anonymous_3)
DA:2,2
DA:3,2
DA:8,2
DA:10,2
DA:12,4
DA:13,4
DA:14,4
DA:24,3
DA:25,2
DA:27,1
DA:31,1
LF:11
LH:11
BRDA:13,0,0,0
BRDA:13,0,1,4
BRDA:24,1,0,2
BRDA:24,1,1,1
BRF:4
BRH:3
end_of_record
TN:
SF:/Users/dmitrijromasov/projects/ticket_store/Services/Farewell/svelte/src/Services/index.js
FNF:0
FNH:0
LF:0
LH:0
BRF:0
BRH:0
end_of_record
